<?xml version="1.0" encoding="UTF-8"?>
<robot generator="Robot 6.1.1 (Python 3.10.6 on win32)" generated="20231009 22:20:03.485" rpa="false" schemaversion="4">
<suite id="s1" name="Logout" source="C:\Users\user\Desktop\Noman-2\Automation\Test Cases\Logout.robot">
<kw name="Open Browser" library="SeleniumLibrary" type="SETUP">
<arg>http://localhost:8000/</arg>
<arg>Chrome</arg>
<doc>Opens a new browser instance to the optional ``url``.</doc>
<msg timestamp="20231009 22:20:03.719" level="INFO">Opening browser 'Chrome' to base url 'http://localhost:8000/'.</msg>
<status status="PASS" starttime="20231009 22:20:03.719" endtime="20231009 22:20:06.002"/>
</kw>
<test id="s1-t1" name="User Logout" line="11">
<kw name="Set Selenium Speed" library="SeleniumLibrary">
<arg>1 second</arg>
<doc>Sets the delay that is waited after each Selenium command.</doc>
<status status="PASS" starttime="20231009 22:20:06.005" endtime="20231009 22:20:06.007"/>
</kw>
<kw name="Click Element" library="SeleniumLibrary">
<arg>link=Login</arg>
<doc>Click the element identified by ``locator``.</doc>
<msg timestamp="20231009 22:20:06.013" level="INFO">Clicking element 'link=Login'.</msg>
<status status="PASS" starttime="20231009 22:20:06.010" endtime="20231009 22:20:08.238"/>
</kw>
<kw name="Input Text" library="SeleniumLibrary">
<arg>id=username</arg>
<arg>${Username}</arg>
<doc>Types the given ``text`` into the text field identified by ``locator``.</doc>
<msg timestamp="20231009 22:20:08.238" level="INFO">Typing text 'noman' into text field 'id=username'.</msg>
<status status="PASS" starttime="20231009 22:20:08.238" endtime="20231009 22:20:11.379"/>
</kw>
<kw name="Input Text" library="SeleniumLibrary">
<arg>id=password</arg>
<arg>${Password}</arg>
<doc>Types the given ``text`` into the text field identified by ``locator``.</doc>
<msg timestamp="20231009 22:20:11.380" level="INFO">Typing text '12345' into text field 'id=password'.</msg>
<status status="PASS" starttime="20231009 22:20:11.380" endtime="20231009 22:20:14.492"/>
</kw>
<kw name="Click Element" library="SeleniumLibrary">
<arg>xpath=//input[@type='submit']</arg>
<doc>Click the element identified by ``locator``.</doc>
<msg timestamp="20231009 22:20:14.494" level="INFO">Clicking element 'xpath=//input[@type='submit']'.</msg>
<status status="PASS" starttime="20231009 22:20:14.493" endtime="20231009 22:20:17.145"/>
</kw>
<kw name="Wait Until Page Contains" library="SeleniumLibrary">
<arg>Welcome noman</arg>
<doc>Waits until ``text`` appears on the current page.</doc>
<status status="PASS" starttime="20231009 22:20:17.145" endtime="20231009 22:20:18.168"/>
</kw>
<kw name="Click Element" library="SeleniumLibrary">
<arg>link=Logout</arg>
<doc>Click the element identified by ``locator``.</doc>
<msg timestamp="20231009 22:20:18.169" level="INFO">Clicking element 'link=Logout'.</msg>
<status status="PASS" starttime="20231009 22:20:18.169" endtime="20231009 22:20:20.318"/>
</kw>
<kw name="Wait Until Page Contains" library="SeleniumLibrary">
<arg>Login</arg>
<doc>Waits until ``text`` appears on the current page.</doc>
<status status="PASS" starttime="20231009 22:20:20.318" endtime="20231009 22:20:21.347"/>
</kw>
<kw name="Capture Page Screenshot" library="SeleniumLibrary">
<doc>Takes a screenshot of the current page and embeds it into a log file.</doc>
<msg timestamp="20231009 22:20:22.533" level="INFO" html="true">&lt;/td&gt;&lt;/tr&gt;&lt;tr&gt;&lt;td colspan="3"&gt;&lt;a href="selenium-screenshot-5.png"&gt;&lt;img src="selenium-screenshot-5.png" width="800px"&gt;&lt;/a&gt;</msg>
<status status="PASS" starttime="20231009 22:20:21.347" endtime="20231009 22:20:22.533"/>
</kw>
<doc>Logout from the website</doc>
<tag>logout, success</tag>
<status status="PASS" starttime="20231009 22:20:06.002" endtime="20231009 22:20:22.533"/>
</test>
<kw name="Close Browser" library="SeleniumLibrary" type="TEARDOWN">
<doc>Closes the current browser.</doc>
<status status="PASS" starttime="20231009 22:20:22.533" endtime="20231009 22:20:25.835"/>
</kw>
<status status="PASS" starttime="20231009 22:20:03.487" endtime="20231009 22:20:25.835"/>
</suite>
<statistics>
<total>
<stat pass="1" fail="0" skip="0">All Tests</stat>
</total>
<tag>
<stat pass="1" fail="0" skip="0">logout, success</stat>
</tag>
<suite>
<stat pass="1" fail="0" skip="0" id="s1" name="Logout">Logout</stat>
</suite>
</statistics>
<errors>
</errors>
</robot>
